23:22:06 **** Incremental Build of configuration Debug for project Mini_Project_4 ****
make all 
Building file: ../Mini_Project_4/ultrasonic.c
Invoking: AVR Compiler
avr-gcc -Wall -g2 -gstabs -O0 -fpack-struct -fshort-enums -ffunction-sections -fdata-sections -std=gnu99 -funsigned-char -funsigned-bitfields -mmcu=atmega16 -DF_CPU=1000000UL -MMD -MP -MF"Mini_Project_4/ultrasonic.d" -MT"Mini_Project_4/ultrasonic.o" -c -o "Mini_Project_4/ultrasonic.o" "../Mini_Project_4/ultrasonic.c"
In file included from ../Mini_Project_4/ultrasonic.c:17:
c:/winavr-20100110/lib/gcc/../../avr/include/util/delay.h:90:3: warning: #warning "Compiler optimizations disabled; functions from <util/delay.h> won't work as designed"
Finished building: ../Mini_Project_4/ultrasonic.c
 
Building target: Mini_Project_4.elf
Invoking: AVR C Linker
avr-gcc -Wl,-Map,Mini_Project_4.map -mmcu=atmega16 -o "Mini_Project_4.elf"  ./Mini_Project_4/Mini_Project_4.o ./Mini_Project_4/gpio.o ./Mini_Project_4/icu.o ./Mini_Project_4/lcd.o ./Mini_Project_4/ultrasonic.o   
Finished building target: Mini_Project_4.elf
 
Invoking: AVR Create Extended Listing
avr-objdump -h -S Mini_Project_4.elf  >"Mini_Project_4.lss"
Finished building: Mini_Project_4.lss
 
Invoking: Print Size
avr-size --format=avr --mcu=atmega16 Mini_Project_4.elf
AVR Memory Usage
----------------
Device: atmega16

Program:    9448 bytes (57.7% Full)
(.text + .data + .bootloader)

Data:        285 bytes (27.8% Full)
(.data + .bss + .noinit)


Finished building: sizedummy
 

23:22:08 Build Finished. 0 errors, 1 warnings. (took 1s.335ms)

